<?xml version="1.0" encoding="utf-8" standalone="no"?>
<!--This file represents the results of running a test suite-->
<test-results name="C:\Development\Barclays\MathAssistant\MathAssistant.AcceptanceTests\bin\Debug\MathAssistant.AcceptanceTests.dll" total="5" errors="0" failures="0" not-run="0" inconclusive="0" ignored="0" skipped="0" invalid="0" date="2015-10-25" time="09:36:38">
  <environment nunit-version="2.6.4.14350" clr-version="2.0.50727.8662" os-version="Microsoft Windows NT 6.2.9200.0" platform="Win32NT" cwd="C:\Development\Barclays\MathAssistant\MathAssistant.AcceptanceTests\bin\Debug" machine-name="ALEXLENOVOY510P" user="Alex" user-domain="ALEXLENOVOY510P" />
  <culture-info current-culture="en-GB" current-uiculture="en-US" />
  <test-suite type="Assembly" name="C:\Development\Barclays\MathAssistant\MathAssistant.AcceptanceTests\bin\Debug\MathAssistant.AcceptanceTests.dll" executed="True" result="Success" success="True" time="0.598" asserts="0">
    <results>
      <test-suite type="Namespace" name="MathAssistant" executed="True" result="Success" success="True" time="0.591" asserts="0">
        <results>
          <test-suite type="Namespace" name="AcceptanceTests" executed="True" result="Success" success="True" time="0.590" asserts="0">
            <results>
              <test-suite type="Namespace" name="Features" executed="True" result="Success" success="True" time="0.590" asserts="0">
                <results>
                  <test-suite type="TestFixture" name="FizzBuzzTransformationFeature" description="Fizz Buzz Transformation" executed="True" result="Success" success="True" time="0.589" asserts="0">
                    <categories>
                      <category name="PBI12345" />
                    </categories>
                    <results>
                      <test-suite type="ParameterizedTest" name="InputSequenceNumberGreaterThan0" description="Input sequence number greater than 0" executed="True" result="Success" success="True" time="0.341" asserts="0">
                        <results>
                          <test-case name="MathAssistant.AcceptanceTests.Features.FizzBuzzTransformationFeature.InputSequenceNumberGreaterThan0(&quot;1&quot;,&quot;1&quot;,null)" executed="True" result="Success" success="True" time="0.328" asserts="0" />
                          <test-case name="MathAssistant.AcceptanceTests.Features.FizzBuzzTransformationFeature.InputSequenceNumberGreaterThan0(&quot;15&quot;,&quot;1,2,Fizz,4,Buzz,Fizz,7,8,Fizz,Buzz,11,Fizz,13,14,FizzBuzz&quot;,null)" executed="True" result="Success" success="True" time="0.002" asserts="0" />
                          <test-case name="MathAssistant.AcceptanceTests.Features.FizzBuzzTransformationFeature.InputSequenceNumberGreaterThan0(&quot;5&quot;,&quot;1,2,Fizz,4,Buzz&quot;,null)" executed="True" result="Success" success="True" time="0.001" asserts="0" />
                        </results>
                      </test-suite>
                      <test-suite type="ParameterizedTest" name="QuitApplicationOnEmptyInputOrZero" description="Quit Application on empty input or zero" executed="True" result="Success" success="True" time="0.004" asserts="0">
                        <results>
                          <test-case name="MathAssistant.AcceptanceTests.Features.FizzBuzzTransformationFeature.QuitApplicationOnEmptyInputOrZero(&quot;&quot;,null)" executed="True" result="Success" success="True" time="0.002" asserts="0" />
                          <test-case name="MathAssistant.AcceptanceTests.Features.FizzBuzzTransformationFeature.QuitApplicationOnEmptyInputOrZero(&quot;0&quot;,null)" executed="True" result="Success" success="True" time="0.001" asserts="0" />
                        </results>
                      </test-suite>
                    </results>
                  </test-suite>
                </results>
              </test-suite>
            </results>
          </test-suite>
        </results>
      </test-suite>
    </results>
  </test-suite>
</test-results>